[ 2018-01-16T10:31:23+08:00 ] ::1 /Info/getDoctorByLBS
INFO: getDoctorByLBS, x: 53 y: 44
[ 2018-01-16T10:31:23+08:00 ] ::1 /Info/getDoctorByLBS
INFO: verifyCode: {"site_name":"hp","site_admin_url_password":"","site_tpl":"simplehpx","site_adminstyle":"flat","site_icp":"","site_admin_email":"su371128017@163.com","site_tongji":"","site_copyright":"http:\/\/www.thinkcmf.su:8888","site_seo_title":"hp","site_seo_keywords":"hp","site_seo_description":"hp","urlmode":"1","html_suffix":"","comment_time_interval":"60"}
[ 2018-01-16T10:31:23+08:00 ] ::1 /Info/getDoctorByLBS
INFO: verifyCode: http://www.thinkcmf.su:8888
[ 2018-01-16T10:41:41+08:00 ] ::1 /Info/getDoctorByLBS
INFO: getDoctorByLBS, x: 121.53026899999998 y: 31.22373799999999
[ 2018-01-16T10:41:41+08:00 ] ::1 /Info/getDoctorByLBS
INFO: verifyCode: {"site_name":"hp","site_admin_url_password":"","site_tpl":"simplehpx","site_adminstyle":"flat","site_icp":"","site_admin_email":"su371128017@163.com","site_tongji":"","site_copyright":"http:\/\/www.thinkcmf.su:8888","site_seo_title":"hp","site_seo_keywords":"hp","site_seo_description":"hp","urlmode":"1","html_suffix":"","comment_time_interval":"60"}
[ 2018-01-16T10:41:41+08:00 ] ::1 /Info/getDoctorByLBS
INFO: verifyCode: http://www.thinkcmf.su:8888
[ 2018-01-16T10:47:01+08:00 ] ::1 /Info/getDoctorByLBS
INFO: getDoctorByLBS, x: 121.53026899999998 y: 31.22373799999999
[ 2018-01-16T10:47:01+08:00 ] ::1 /Info/getDoctorByLBS
INFO: verifyCode: {"site_name":"hp","site_admin_url_password":"","site_tpl":"simplehpx","site_adminstyle":"flat","site_icp":"","site_admin_email":"su371128017@163.com","site_tongji":"","site_copyright":"http:\/\/www.thinkcmf.su:8888","site_seo_title":"hp","site_seo_keywords":"hp","site_seo_description":"hp","urlmode":"1","html_suffix":"","comment_time_interval":"60"}
[ 2018-01-16T10:47:01+08:00 ] ::1 /Info/getDoctorByLBS
INFO: verifyCode: http://www.thinkcmf.su:8888
[ 2018-01-16T10:51:24+08:00 ] ::1 /Info/getDoctorByLBS
INFO: getDoctorByLBS, x: 121.53026899999998 y: 31.22373799999999
[ 2018-01-16T10:51:24+08:00 ] ::1 /Info/getDoctorByLBS
INFO: verifyCode: {"site_name":"hp","site_admin_url_password":"","site_tpl":"simplehpx","site_adminstyle":"flat","site_icp":"","site_admin_email":"su371128017@163.com","site_tongji":"","site_copyright":"http:\/\/www.thinkcmf.su:8888","site_seo_title":"hp","site_seo_keywords":"hp","site_seo_description":"hp","urlmode":"1","html_suffix":"","comment_time_interval":"60"}
[ 2018-01-16T10:51:24+08:00 ] ::1 /Info/getDoctorByLBS
INFO: verifyCode: http://www.thinkcmf.su:8888
[ 2018-01-16T10:51:24+08:00 ] ::1 /Info/getDoctorByLBS
INFO: getDistance: doctor.y,doctor.x,31.22373799999999,121.53026899999998
[ 2018-01-16T10:53:45+08:00 ] ::1 /Info/getDoctorByLBS
INFO: getDoctorByLBS, x: 121.53026899999998 y: 31.22373799999999
[ 2018-01-16T10:53:45+08:00 ] ::1 /Info/getDoctorByLBS
INFO: verifyCode: {"site_name":"hp","site_admin_url_password":"","site_tpl":"simplehpx","site_adminstyle":"flat","site_icp":"","site_admin_email":"su371128017@163.com","site_tongji":"","site_copyright":"http:\/\/www.thinkcmf.su:8888","site_seo_title":"hp","site_seo_keywords":"hp","site_seo_description":"hp","urlmode":"1","html_suffix":"","comment_time_interval":"60"}
[ 2018-01-16T10:53:45+08:00 ] ::1 /Info/getDoctorByLBS
INFO: verifyCode: http://www.thinkcmf.su:8888
[ 2018-01-16T10:53:45+08:00 ] ::1 /Info/getDoctorByLBS
INFO: getDistance: doctor.y,doctor.x,31.22373799999999,121.53026899999998
[ 2018-01-16T12:58:23+08:00 ] ::1 /Info/getDoctorByLBS
INFO: getDoctorByLBS, x: 121.53026899999998 y: 31.22373799999999
[ 2018-01-16T12:58:23+08:00 ] ::1 /Info/getDoctorByLBS
INFO: verifyCode: {"site_name":"hp","site_admin_url_password":"","site_tpl":"simplehpx","site_adminstyle":"flat","site_icp":"","site_admin_email":"su371128017@163.com","site_tongji":"","site_copyright":"http:\/\/www.thinkcmf.su:8888","site_seo_title":"hp","site_seo_keywords":"hp","site_seo_description":"hp","urlmode":"1","html_suffix":"","comment_time_interval":"60"}
[ 2018-01-16T12:58:23+08:00 ] ::1 /Info/getDoctorByLBS
INFO: verifyCode: http://www.thinkcmf.su:8888
[ 2018-01-16T12:58:23+08:00 ] ::1 /Info/getDoctorByLBS
INFO: getDistance: ,doctor.x,31.22373799999999,121.53026899999998
[ 2018-01-16T12:58:45+08:00 ] ::1 /Info/getDoctorByLBS
INFO: getDoctorByLBS, x: 121.53026899999998 y: 31.22373799999999
[ 2018-01-16T12:58:45+08:00 ] ::1 /Info/getDoctorByLBS
INFO: verifyCode: {"site_name":"hp","site_admin_url_password":"","site_tpl":"simplehpx","site_adminstyle":"flat","site_icp":"","site_admin_email":"su371128017@163.com","site_tongji":"","site_copyright":"http:\/\/www.thinkcmf.su:8888","site_seo_title":"hp","site_seo_keywords":"hp","site_seo_description":"hp","urlmode":"1","html_suffix":"","comment_time_interval":"60"}
[ 2018-01-16T12:58:45+08:00 ] ::1 /Info/getDoctorByLBS
INFO: verifyCode: http://www.thinkcmf.su:8888
[ 2018-01-16T12:58:45+08:00 ] ::1 /Info/getDoctorByLBS
INFO: getDistance: ,doctor.x,31.22373799999999,121.53026899999998
[ 2018-01-16T12:59:18+08:00 ] ::1 /Info/getDoctorByLBS
INFO: getDoctorByLBS, x: 121.53026899999998 y: 31.22373799999999
[ 2018-01-16T12:59:18+08:00 ] ::1 /Info/getDoctorByLBS
INFO: verifyCode: {"site_name":"hp","site_admin_url_password":"","site_tpl":"simplehpx","site_adminstyle":"flat","site_icp":"","site_admin_email":"su371128017@163.com","site_tongji":"","site_copyright":"http:\/\/www.thinkcmf.su:8888","site_seo_title":"hp","site_seo_keywords":"hp","site_seo_description":"hp","urlmode":"1","html_suffix":"","comment_time_interval":"60"}
[ 2018-01-16T12:59:18+08:00 ] ::1 /Info/getDoctorByLBS
INFO: verifyCode: http://www.thinkcmf.su:8888
[ 2018-01-16T12:59:18+08:00 ] ::1 /Info/getDoctorByLBS
INFO: getDistance: ,doctor.x,31.22373799999999,121.53026899999998
[ 2018-01-16T12:59:31+08:00 ] ::1 /Info/getDoctorByLBS
INFO: getDoctorByLBS, x: 121.53026899999998 y: 31.22373799999999
[ 2018-01-16T12:59:31+08:00 ] ::1 /Info/getDoctorByLBS
INFO: verifyCode: {"site_name":"hp","site_admin_url_password":"","site_tpl":"simplehpx","site_adminstyle":"flat","site_icp":"","site_admin_email":"su371128017@163.com","site_tongji":"","site_copyright":"http:\/\/www.thinkcmf.su:8888","site_seo_title":"hp","site_seo_keywords":"hp","site_seo_description":"hp","urlmode":"1","html_suffix":"","comment_time_interval":"60"}
[ 2018-01-16T12:59:31+08:00 ] ::1 /Info/getDoctorByLBS
INFO: verifyCode: http://www.thinkcmf.su:8888
[ 2018-01-16T12:59:31+08:00 ] ::1 /Info/getDoctorByLBS
INFO: getDistance: `doctor.y`,doctor.x,31.22373799999999,121.53026899999998
[ 2018-01-16T13:00:38+08:00 ] ::1 /Info/getDoctorByLBS
INFO: getDoctorByLBS, x: 121.53026899999998 y: 31.22373799999999
[ 2018-01-16T13:00:38+08:00 ] ::1 /Info/getDoctorByLBS
INFO: verifyCode: {"site_name":"hp","site_admin_url_password":"","site_tpl":"simplehpx","site_adminstyle":"flat","site_icp":"","site_admin_email":"su371128017@163.com","site_tongji":"","site_copyright":"http:\/\/www.thinkcmf.su:8888","site_seo_title":"hp","site_seo_keywords":"hp","site_seo_description":"hp","urlmode":"1","html_suffix":"","comment_time_interval":"60"}
[ 2018-01-16T13:00:38+08:00 ] ::1 /Info/getDoctorByLBS
INFO: verifyCode: http://www.thinkcmf.su:8888
[ 2018-01-16T13:00:38+08:00 ] ::1 /Info/getDoctorByLBS
INFO: getDistance: doctory,doctor.x,31.22373799999999,121.53026899999998
[ 2018-01-16T13:04:51+08:00 ] ::1 /Info/getDoctorByLBS
INFO: getDoctorByLBS, x: 121.53026899999998 y: 31.22373799999999
[ 2018-01-16T13:04:51+08:00 ] ::1 /Info/getDoctorByLBS
INFO: verifyCode: {"site_name":"hp","site_admin_url_password":"","site_tpl":"simplehpx","site_adminstyle":"flat","site_icp":"","site_admin_email":"su371128017@163.com","site_tongji":"","site_copyright":"http:\/\/www.thinkcmf.su:8888","site_seo_title":"hp","site_seo_keywords":"hp","site_seo_description":"hp","urlmode":"1","html_suffix":"","comment_time_interval":"60"}
[ 2018-01-16T13:04:51+08:00 ] ::1 /Info/getDoctorByLBS
INFO: verifyCode: http://www.thinkcmf.su:8888
[ 2018-01-16T13:04:51+08:00 ] ::1 /Info/getDoctorByLBS
INFO: getDistance: ,doctor.x,31.22373799999999,121.53026899999998
[ 2018-01-16T13:05:14+08:00 ] ::1 /Info/getDoctorByLBS
INFO: getDoctorByLBS, x: 121.53026899999998 y: 31.22373799999999
[ 2018-01-16T13:05:14+08:00 ] ::1 /Info/getDoctorByLBS
INFO: verifyCode: {"site_name":"hp","site_admin_url_password":"","site_tpl":"simplehpx","site_adminstyle":"flat","site_icp":"","site_admin_email":"su371128017@163.com","site_tongji":"","site_copyright":"http:\/\/www.thinkcmf.su:8888","site_seo_title":"hp","site_seo_keywords":"hp","site_seo_description":"hp","urlmode":"1","html_suffix":"","comment_time_interval":"60"}
[ 2018-01-16T13:05:14+08:00 ] ::1 /Info/getDoctorByLBS
INFO: verifyCode: http://www.thinkcmf.su:8888
[ 2018-01-16T13:05:16+08:00 ] ::1 /Info/getDoctorByLBS
INFO: getDoctorByLBS, x: 121.53026899999998 y: 31.22373799999999
[ 2018-01-16T13:05:16+08:00 ] ::1 /Info/getDoctorByLBS
INFO: verifyCode: {"site_name":"hp","site_admin_url_password":"","site_tpl":"simplehpx","site_adminstyle":"flat","site_icp":"","site_admin_email":"su371128017@163.com","site_tongji":"","site_copyright":"http:\/\/www.thinkcmf.su:8888","site_seo_title":"hp","site_seo_keywords":"hp","site_seo_description":"hp","urlmode":"1","html_suffix":"","comment_time_interval":"60"}
[ 2018-01-16T13:05:16+08:00 ] ::1 /Info/getDoctorByLBS
INFO: verifyCode: http://www.thinkcmf.su:8888
[ 2018-01-16T13:06:18+08:00 ] ::1 /Info/getDoctorByLBS
INFO: getDoctorByLBS, x: 121.53026899999998 y: 31.22373799999999
[ 2018-01-16T13:06:18+08:00 ] ::1 /Info/getDoctorByLBS
INFO: verifyCode: {"site_name":"hp","site_admin_url_password":"","site_tpl":"simplehpx","site_adminstyle":"flat","site_icp":"","site_admin_email":"su371128017@163.com","site_tongji":"","site_copyright":"http:\/\/www.thinkcmf.su:8888","site_seo_title":"hp","site_seo_keywords":"hp","site_seo_description":"hp","urlmode":"1","html_suffix":"","comment_time_interval":"60"}
[ 2018-01-16T13:06:18+08:00 ] ::1 /Info/getDoctorByLBS
INFO: verifyCode: http://www.thinkcmf.su:8888
[ 2018-01-16T13:06:18+08:00 ] ::1 /Info/getDoctorByLBS
ERR: 1241:Operand should contain 1 column(s)
 [ SQL语句 ] : select id,x,`y`,phonenumber,realname,sex,birthday,province,city,district,hospital,title,description,CONCAT('http://www.thinkcmf.su:8888', headlogofile) as headlogofile,curetime,maxpatient, (y,doctor.x ,31.22373799999999,121.53026899999998) as distance from cmf_doctor doctor order by  distance asc limit 1

[ 2018-01-16T13:06:19+08:00 ] ::1 /Info/getDoctorByLBS
INFO: getDoctorByLBS, x: 121.53026899999998 y: 31.22373799999999
[ 2018-01-16T13:06:19+08:00 ] ::1 /Info/getDoctorByLBS
INFO: verifyCode: {"site_name":"hp","site_admin_url_password":"","site_tpl":"simplehpx","site_adminstyle":"flat","site_icp":"","site_admin_email":"su371128017@163.com","site_tongji":"","site_copyright":"http:\/\/www.thinkcmf.su:8888","site_seo_title":"hp","site_seo_keywords":"hp","site_seo_description":"hp","urlmode":"1","html_suffix":"","comment_time_interval":"60"}
[ 2018-01-16T13:06:19+08:00 ] ::1 /Info/getDoctorByLBS
INFO: verifyCode: http://www.thinkcmf.su:8888
[ 2018-01-16T13:06:19+08:00 ] ::1 /Info/getDoctorByLBS
ERR: 1241:Operand should contain 1 column(s)
 [ SQL语句 ] : select id,x,`y`,phonenumber,realname,sex,birthday,province,city,district,hospital,title,description,CONCAT('http://www.thinkcmf.su:8888', headlogofile) as headlogofile,curetime,maxpatient, (y,doctor.x ,31.22373799999999,121.53026899999998) as distance from cmf_doctor doctor order by  distance asc limit 1

[ 2018-01-16T13:07:43+08:00 ] ::1 /Info/getDoctorByLBS
INFO: getDoctorByLBS, x: 121.53026899999998 y: 31.22373799999999
[ 2018-01-16T13:07:43+08:00 ] ::1 /Info/getDoctorByLBS
INFO: verifyCode: {"site_name":"hp","site_admin_url_password":"","site_tpl":"simplehpx","site_adminstyle":"flat","site_icp":"","site_admin_email":"su371128017@163.com","site_tongji":"","site_copyright":"http:\/\/www.thinkcmf.su:8888","site_seo_title":"hp","site_seo_keywords":"hp","site_seo_description":"hp","urlmode":"1","html_suffix":"","comment_time_interval":"60"}
[ 2018-01-16T13:07:43+08:00 ] ::1 /Info/getDoctorByLBS
INFO: verifyCode: http://www.thinkcmf.su:8888
[ 2018-01-16T13:07:43+08:00 ] ::1 /Info/getDoctorByLBS
ERR: 1064:You have an error in your SQL syntax; check the manual that corresponds to your MySQL server version for the right syntax to use near '(y,doctor.x ,31.22373799999999,121.53026899999998) as distance from cmf_doctor d' at line 1
 [ SQL语句 ] : select id,x,`y`,phonenumber,realname,sex,birthday,province,city,district,hospital,title,description,CONCAT('http://www.thinkcmf.su:8888', headlogofile) as headlogofile,curetime,maxpatient, ''(y,doctor.x ,31.22373799999999,121.53026899999998) as distance from cmf_doctor doctor order by  distance asc limit 1

[ 2018-01-16T13:08:25+08:00 ] ::1 /Info/getDoctorByLBS
INFO: getDoctorByLBS, x: 121.53026899999998 y: 31.22373799999999
[ 2018-01-16T13:08:25+08:00 ] ::1 /Info/getDoctorByLBS
INFO: verifyCode: {"site_name":"hp","site_admin_url_password":"","site_tpl":"simplehpx","site_adminstyle":"flat","site_icp":"","site_admin_email":"su371128017@163.com","site_tongji":"","site_copyright":"http:\/\/www.thinkcmf.su:8888","site_seo_title":"hp","site_seo_keywords":"hp","site_seo_description":"hp","urlmode":"1","html_suffix":"","comment_time_interval":"60"}
[ 2018-01-16T13:08:25+08:00 ] ::1 /Info/getDoctorByLBS
INFO: verifyCode: http://www.thinkcmf.su:8888
[ 2018-01-16T13:08:25+08:00 ] ::1 /Info/getDoctorByLBS
INFO: getDistance: y,doctorx,31.22373799999999,121.53026899999998
[ 2018-01-16T13:12:45+08:00 ] ::1 /Info/getDoctorByLBS
INFO: getDoctorByLBS, x: 121.53026899999998 y: 31.22373799999999
[ 2018-01-16T13:12:45+08:00 ] ::1 /Info/getDoctorByLBS
INFO: verifyCode: {"site_name":"hp","site_admin_url_password":"","site_tpl":"simplehpx","site_adminstyle":"flat","site_icp":"","site_admin_email":"su371128017@163.com","site_tongji":"","site_copyright":"http:\/\/www.thinkcmf.su:8888","site_seo_title":"hp","site_seo_keywords":"hp","site_seo_description":"hp","urlmode":"1","html_suffix":"","comment_time_interval":"60"}
[ 2018-01-16T13:12:45+08:00 ] ::1 /Info/getDoctorByLBS
INFO: verifyCode: http://www.thinkcmf.su:8888
[ 2018-01-16T13:12:45+08:00 ] ::1 /Info/getDoctorByLBS
INFO: getDistance: y,doctorx,31.22373799999999,121.53026899999998
[ 2018-01-16T13:13:29+08:00 ] ::1 /Info/getDoctorByLBS
INFO: getDoctorByLBS, x: 121.53026899999998 y: 31.22373799999999
[ 2018-01-16T13:13:29+08:00 ] ::1 /Info/getDoctorByLBS
INFO: verifyCode: {"site_name":"hp","site_admin_url_password":"","site_tpl":"simplehpx","site_adminstyle":"flat","site_icp":"","site_admin_email":"su371128017@163.com","site_tongji":"","site_copyright":"http:\/\/www.thinkcmf.su:8888","site_seo_title":"hp","site_seo_keywords":"hp","site_seo_description":"hp","urlmode":"1","html_suffix":"","comment_time_interval":"60"}
[ 2018-01-16T13:13:29+08:00 ] ::1 /Info/getDoctorByLBS
INFO: verifyCode: http://www.thinkcmf.su:8888
[ 2018-01-16T13:13:29+08:00 ] ::1 /Info/getDoctorByLBS
INFO: getDistance: ,,31.22373799999999,121.53026899999998
[ 2018-01-16T13:22:20+08:00 ] ::1 /Info/getDoctorByLBS
INFO: getDoctorByLBS, x: 121.53026899999998 y: 31.22373799999999
[ 2018-01-16T13:22:20+08:00 ] ::1 /Info/getDoctorByLBS
INFO: verifyCode: {"site_name":"hp","site_admin_url_password":"","site_tpl":"simplehpx","site_adminstyle":"flat","site_icp":"","site_admin_email":"su371128017@163.com","site_tongji":"","site_copyright":"http:\/\/www.thinkcmf.su:8888","site_seo_title":"hp","site_seo_keywords":"hp","site_seo_description":"hp","urlmode":"1","html_suffix":"","comment_time_interval":"60"}
[ 2018-01-16T13:22:20+08:00 ] ::1 /Info/getDoctorByLBS
INFO: verifyCode: http://www.thinkcmf.su:8888
[ 2018-01-16T13:22:41+08:00 ] ::1 /Info/getDoctorByLBS
INFO: getDoctorByLBS, x: 121.53026899999998 y: 31.22373799999999
[ 2018-01-16T13:22:42+08:00 ] ::1 /Info/getDoctorByLBS
INFO: verifyCode: {"site_name":"hp","site_admin_url_password":"","site_tpl":"simplehpx","site_adminstyle":"flat","site_icp":"","site_admin_email":"su371128017@163.com","site_tongji":"","site_copyright":"http:\/\/www.thinkcmf.su:8888","site_seo_title":"hp","site_seo_keywords":"hp","site_seo_description":"hp","urlmode":"1","html_suffix":"","comment_time_interval":"60"}
[ 2018-01-16T13:22:42+08:00 ] ::1 /Info/getDoctorByLBS
INFO: verifyCode: http://www.thinkcmf.su:8888
[ 2018-01-16T13:23:34+08:00 ] ::1 /Info/getDoctorByLBS
INFO: getDoctorByLBS, x: 121.53026899999998 y: 31.22373799999999
[ 2018-01-16T13:23:34+08:00 ] ::1 /Info/getDoctorByLBS
INFO: verifyCode: {"site_name":"hp","site_admin_url_password":"","site_tpl":"simplehpx","site_adminstyle":"flat","site_icp":"","site_admin_email":"su371128017@163.com","site_tongji":"","site_copyright":"http:\/\/www.thinkcmf.su:8888","site_seo_title":"hp","site_seo_keywords":"hp","site_seo_description":"hp","urlmode":"1","html_suffix":"","comment_time_interval":"60"}
[ 2018-01-16T13:23:34+08:00 ] ::1 /Info/getDoctorByLBS
INFO: verifyCode: http://www.thinkcmf.su:8888
[ 2018-01-16T13:31:39+08:00 ] ::1 /Info/getAppointments
INFO: chart doctorId:11
[ 2018-01-16T13:32:05+08:00 ] ::1 /Info/getAppointments
INFO: chart doctorId:11
[ 2018-01-16T13:33:57+08:00 ] ::1 /Info/checkDoctorAppointment
INFO: chart doctorId:11
[ 2018-01-16T13:35:10+08:00 ] ::1 /Info/checkDoctorAppointment
INFO: chart doctorId:11
[ 2018-01-16T13:37:39+08:00 ] ::1 /Info/checkDoctorAppointment
INFO: chart doctorId:11
[ 2018-01-16T13:38:02+08:00 ] ::1 /Info/checkDoctorAppointment
INFO: chart doctorId:11
[ 2018-01-16T13:40:00+08:00 ] ::1 /Info/addAppointment
INFO: addAppointment, doctorId: 11 patientId: 李白 cureTime: 2018-01-17
[ 2018-01-16T13:40:00+08:00 ] ::1 /Info/addAppointment
INFO: addAppointment, oneWeek:2018-01-16
[ 2018-01-16T13:42:37+08:00 ] ::1 /Info/addAppointment
INFO: addAppointment, doctorId: 11 patientId: 李白 cureTime: 2018-01-17
[ 2018-01-16T13:42:37+08:00 ] ::1 /Info/addAppointment
INFO: addAppointment, oneWeek:2018-01-16
[ 2018-01-16T13:42:37+08:00 ] ::1 /Info/addAppointment
INFO: addAppointment, 0,1,5:0,1,5
[ 2018-01-16T13:42:37+08:00 ] ::1 /Info/addAppointment
INFO: addAppointment, 3:3
[ 2018-01-16T13:43:27+08:00 ] ::1 /Info/addAppointment
INFO: addAppointment, doctorId: 11 patientId: 李白 cureTime: 2018-01-17
[ 2018-01-16T13:43:27+08:00 ] ::1 /Info/addAppointment
INFO: addAppointment, oneWeek:2018-01-16
[ 2018-01-16T13:43:27+08:00 ] ::1 /Info/addAppointment
INFO: addAppointment, 0,1,5:0,1,5
[ 2018-01-16T13:43:27+08:00 ] ::1 /Info/addAppointment
INFO: addAppointment, 3:3
[ 2018-01-16T13:43:27+08:00 ] ::1 /Info/addAppointment
INFO: addAppointment, 4:4
[ 2018-01-16T13:43:27+08:00 ] ::1 /Info/addAppointment
INFO: addAppointment, :
[ 2018-01-16T13:44:19+08:00 ] ::1 /Info/addAppointment
INFO: addAppointment, doctorId: 11 patientId: 李白 cureTime: 2018-01-17 flag: 1
[ 2018-01-16T13:44:19+08:00 ] ::1 /Info/addAppointment
INFO: addAppointment, oneWeek:2018-01-16
[ 2018-01-16T13:44:19+08:00 ] ::1 /Info/addAppointment
INFO: addAppointment, 0,1,5:0,1,5
[ 2018-01-16T13:44:19+08:00 ] ::1 /Info/addAppointment
INFO: addAppointment, 3:3
[ 2018-01-16T13:44:19+08:00 ] ::1 /Info/addAppointment
INFO: addAppointment, 4:4
[ 2018-01-16T13:44:19+08:00 ] ::1 /Info/addAppointment
INFO: addAppointment, :
[ 2018-01-16T13:45:13+08:00 ] ::1 /Info/addAppointment
INFO: addAppointment, doctorId: 11 patientId: 李白 cureTime: 2018-01-17 flag: 1
[ 2018-01-16T13:45:13+08:00 ] ::1 /Info/addAppointment
INFO: addAppointment, oneWeek:2018-01-16
[ 2018-01-16T13:45:13+08:00 ] ::1 /Info/addAppointment
INFO: addAppointment, 0,1,5:0,1,5
[ 2018-01-16T13:45:13+08:00 ] ::1 /Info/addAppointment
INFO: addAppointment, 3:3
[ 2018-01-16T13:45:13+08:00 ] ::1 /Info/addAppointment
INFO: addAppointment, 5:5
[ 2018-01-16T13:45:13+08:00 ] ::1 /Info/addAppointment
INFO: addAppointment, 4:4
[ 2018-01-16T13:45:13+08:00 ] ::1 /Info/addAppointment
INFO: addAppointment, doctorId:3
[ 2018-01-16T13:45:13+08:00 ] ::1 /Info/addAppointment
INFO: addAppointment, appointmentId: 54
[ 2018-01-16T13:45:13+08:00 ] ::1 /Info/addAppointment
INFO: addAppointment, appointmentId: 54
[ 2018-01-16T13:45:50+08:00 ] ::1 /Info/addAppointment
INFO: addAppointment, doctorId: 11 patientId: 李白 cureTime: 2018-01-17 flag: 1
[ 2018-01-16T13:45:50+08:00 ] ::1 /Info/addAppointment
INFO: addAppointment, oneWeek:2018-01-16
[ 2018-01-16T13:45:50+08:00 ] ::1 /Info/addAppointment
INFO: addAppointment, 0,1,5:0,1,5
[ 2018-01-16T13:45:50+08:00 ] ::1 /Info/addAppointment
INFO: addAppointment, 3:3
[ 2018-01-16T13:45:50+08:00 ] ::1 /Info/addAppointment
INFO: addAppointment, 5:5
[ 2018-01-16T13:45:50+08:00 ] ::1 /Info/addAppointment
INFO: addAppointment, 4:4
[ 2018-01-16T13:45:50+08:00 ] ::1 /Info/addAppointment
INFO: addAppointment, doctorId:3
[ 2018-01-16T13:45:50+08:00 ] ::1 /Info/addAppointment
INFO: addAppointment, appointmentId: 55
[ 2018-01-16T13:45:50+08:00 ] ::1 /Info/addAppointment
INFO: addAppointment, appointmentId: 55
[ 2018-01-16T13:45:53+08:00 ] ::1 /Info/addAppointment
INFO: addAppointment, doctorId: 11 patientId: 李白 cureTime: 2018-01-17 flag: 1
[ 2018-01-16T13:45:53+08:00 ] ::1 /Info/addAppointment
INFO: addAppointment, oneWeek:2018-01-16
[ 2018-01-16T13:45:53+08:00 ] ::1 /Info/addAppointment
INFO: addAppointment, 0,1,5:0,1,5
[ 2018-01-16T13:45:53+08:00 ] ::1 /Info/addAppointment
INFO: addAppointment, 3:3
[ 2018-01-16T13:45:53+08:00 ] ::1 /Info/addAppointment
INFO: addAppointment, 5:5
[ 2018-01-16T13:45:53+08:00 ] ::1 /Info/addAppointment
INFO: addAppointment, 4:4
[ 2018-01-16T13:45:53+08:00 ] ::1 /Info/addAppointment
INFO: addAppointment, doctorId:3
[ 2018-01-16T13:45:53+08:00 ] ::1 /Info/addAppointment
INFO: addAppointment, appointmentId: 56
[ 2018-01-16T13:45:53+08:00 ] ::1 /Info/addAppointment
INFO: addAppointment, appointmentId: 56
[ 2018-01-16T13:45:54+08:00 ] ::1 /Info/addAppointment
INFO: addAppointment, doctorId: 11 patientId: 李白 cureTime: 2018-01-17 flag: 1
[ 2018-01-16T13:45:54+08:00 ] ::1 /Info/addAppointment
INFO: addAppointment, oneWeek:2018-01-16
[ 2018-01-16T13:45:54+08:00 ] ::1 /Info/addAppointment
INFO: addAppointment, 0,1,5:0,1,5
[ 2018-01-16T13:45:54+08:00 ] ::1 /Info/addAppointment
INFO: addAppointment, 3:3
[ 2018-01-16T13:45:54+08:00 ] ::1 /Info/addAppointment
INFO: addAppointment, 5:5
[ 2018-01-16T13:45:54+08:00 ] ::1 /Info/addAppointment
INFO: addAppointment, 4:4
[ 2018-01-16T13:45:54+08:00 ] ::1 /Info/addAppointment
INFO: addAppointment, doctorId:3
